<?xml version="1.0" encoding="UTF-8"?>
<!-- Generated by org.testng.reporters.JUnitReportReporter -->
<testsuite hostname="DESKTOP-L3F2DEG" failures="0" tests="4" name="E2E.Demo.TeseCase.TestCase1" time="0.042" errors="0" timestamp="2023-06-14T06:07:37 GMT-07:00" skipped="0">
  <testcase classname="E2E.Demo.TeseCase.TestCase1" name="login" time="0.028"/>
  <system-out/>
  <testcase classname="E2E.Demo.TeseCase.TestCase1" name="policyCreated" time="0.003"/>
  <system-out/>
  <testcase classname="E2E.Demo.TeseCase.TestCase1" name="downloadPolicy" time="0.004"/>
  <system-out/>
  <testcase classname="E2E.Demo.TeseCase.TestCase1" name="logout" time="0.007"/>
  <system-out/>
</testsuite> <!-- E2E.Demo.TeseCase.TestCase1 -->
